  Technical_Competition.cpp
D:\opencv\build\include\opencv2/core/mat.hpp(1965): warning C4819: 该文件包含不能在当前代码页(936)中表示的字符。请将该文件保存为 Unicode 格式以防止数据丢失
D:\opencv\build\include\opencv2/core/persistence.hpp : warning C4819: 该文件包含不能在当前代码页(936)中表示的字符。请将该文件保存为 Unicode 格式以防止数据丢失
D:\opencv\build\include\opencv2/core/utility.hpp : warning C4819: 该文件包含不能在当前代码页(936)中表示的字符。请将该文件保存为 Unicode 格式以防止数据丢失
Technical_Competition.cpp(267): warning C4244: “初始化”: 从“float”转换到“int”，可能丢失数据
Technical_Competition.cpp(268): warning C4244: “初始化”: 从“float”转换到“int”，可能丢失数据
Technical_Competition.cpp(272): warning C4244: “初始化”: 从“double”转换到“float”，可能丢失数据
Technical_Competition.cpp(279): warning C4244: “参数”: 从“float”转换到“int”，可能丢失数据
Technical_Competition.cpp(280): warning C4244: “参数”: 从“float”转换到“int”，可能丢失数据
Technical_Competition.cpp(281): warning C4244: “参数”: 从“float”转换到“int”，可能丢失数据
Technical_Competition.cpp(282): warning C4244: “参数”: 从“float”转换到“int”，可能丢失数据
Technical_Competition.cpp(305): warning C4244: “初始化”: 从“float”转换到“int”，可能丢失数据
Technical_Competition.cpp(306): warning C4244: “初始化”: 从“float”转换到“int”，可能丢失数据
Technical_Competition.cpp(312): warning C4244: “参数”: 从“float”转换到“int”，可能丢失数据
Technical_Competition.cpp(313): warning C4244: “参数”: 从“float”转换到“int”，可能丢失数据
  Transfrom_String.cpp
  正在生成代码
  54 of 201 functions (26.9%) were compiled, the rest were copied from previous compilation.
    1 functions were new in current compilation
    2 functions had inline decision re-evaluated but remain unchanged
  已完成代码的生成
  Technical_Competition.vcxproj -> C:\Users\cx234\Desktop\Technical_Competition_Beta_2\Release\Technical_Competition.exe
